{"code":"ECONNRESET","errno":-4077,"level":"error","message":"Redis connection error: write ECONNRESET","stack":"Error: write ECONNRESET\n    at WriteWrap.onWriteComplete [as oncomplete] (node:internal/stream_base_commons:95:16)\n    at WriteWrap.callbackTrampoline (node:internal/async_hooks:130:17)\n    at handleWriteReq (node:internal/stream_base_commons:62:21)\n    at writeGeneric (node:internal/stream_base_commons:150:15)\n    at TLSSocket.Socket._writeGeneric (node:net:954:11)\n    at TLSSocket.Socket._write (node:net:966:8)\n    at writeOrBuffer (node:internal/streams/writable:570:12)\n    at _write (node:internal/streams/writable:499:10)\n    at TLSSocket.Writable.write (node:internal/streams/writable:508:10)\n    at EventEmitter.sendCommand (C:\\Users\\mukas\\Downloads\\delisio\\delisio\\node_modules\\ioredis\\built\\Redis.js:394:29)","syscall":"write","timestamp":"2025-04-25 00:13:55:1355"}
{"error":"write ECONNRESET","level":"error","message":"Image worker error:","stack":"Error: write ECONNRESET\n    at WriteWrap.onWriteComplete [as oncomplete] (node:internal/stream_base_commons:95:16)\n    at WriteWrap.callbackTrampoline (node:internal/async_hooks:130:17)\n    at handleWriteReq (node:internal/stream_base_commons:62:21)\n    at writeGeneric (node:internal/stream_base_commons:150:15)\n    at TLSSocket.Socket._writeGeneric (node:net:954:11)\n    at TLSSocket.Socket._write (node:net:966:8)\n    at writeOrBuffer (node:internal/streams/writable:570:12)\n    at _write (node:internal/streams/writable:499:10)\n    at TLSSocket.Writable.write (node:internal/streams/writable:508:10)\n    at EventEmitter.sendCommand (C:\\Users\\mukas\\Downloads\\delisio\\delisio\\node_modules\\ioredis\\built\\Redis.js:394:29)","timestamp":"2025-04-25 00:13:55:1355"}
{"error":"write ECONNRESET","level":"error","message":"Recipe worker instance error:","stack":"Error: write ECONNRESET\n    at WriteWrap.onWriteComplete [as oncomplete] (node:internal/stream_base_commons:95:16)\n    at WriteWrap.callbackTrampoline (node:internal/async_hooks:130:17)\n    at handleWriteReq (node:internal/stream_base_commons:62:21)\n    at writeGeneric (node:internal/stream_base_commons:150:15)\n    at TLSSocket.Socket._writeGeneric (node:net:954:11)\n    at TLSSocket.Socket._write (node:net:966:8)\n    at writeOrBuffer (node:internal/streams/writable:570:12)\n    at _write (node:internal/streams/writable:499:10)\n    at TLSSocket.Writable.write (node:internal/streams/writable:508:10)\n    at EventEmitter.sendCommand (C:\\Users\\mukas\\Downloads\\delisio\\delisio\\node_modules\\ioredis\\built\\Redis.js:394:29)","timestamp":"2025-04-25 00:13:55:1355"}
{"error":"write ECONNRESET","level":"error","message":"[Worker] Chat worker instance encountered an error:","stack":"Error: write ECONNRESET\n    at WriteWrap.onWriteComplete [as oncomplete] (node:internal/stream_base_commons:95:16)\n    at WriteWrap.callbackTrampoline (node:internal/async_hooks:130:17)\n    at handleWriteReq (node:internal/stream_base_commons:62:21)\n    at writeGeneric (node:internal/stream_base_commons:150:15)\n    at TLSSocket.Socket._writeGeneric (node:net:954:11)\n    at TLSSocket.Socket._write (node:net:966:8)\n    at writeOrBuffer (node:internal/streams/writable:570:12)\n    at _write (node:internal/streams/writable:499:10)\n    at TLSSocket.Writable.write (node:internal/streams/writable:508:10)\n    at EventEmitter.sendCommand (C:\\Users\\mukas\\Downloads\\delisio\\delisio\\node_modules\\ioredis\\built\\Redis.js:394:29)","timestamp":"2025-04-25 00:13:55:1355"}
{"level":"info","message":"Redis client connected successfully to Upstash Redis","timestamp":"2025-04-25 00:13:56:1356"}
{"code":"ECONNRESET","errno":-4077,"level":"error","message":"Redis connection error: read ECONNRESET","stack":"Error: read ECONNRESET\n    at TLSWrap.onStreamRead (node:internal/stream_base_commons:218:20)","syscall":"read","timestamp":"2025-04-25 00:13:56:1356"}
{"error":"read ECONNRESET","level":"error","message":"[Worker] Chat worker instance encountered an error:","stack":"Error: read ECONNRESET\n    at TLSWrap.onStreamRead (node:internal/stream_base_commons:218:20)","timestamp":"2025-04-25 00:13:56:1356"}
{"code":"ECONNRESET","errno":-4077,"level":"error","message":"Redis connection error: write ECONNRESET","stack":"Error: write ECONNRESET\n    at WriteWrap.onWriteComplete [as oncomplete] (node:internal/stream_base_commons:95:16)\n    at handleWriteReq (node:internal/stream_base_commons:52:26)\n    at writeGeneric (node:internal/stream_base_commons:150:15)\n    at TLSSocket.Socket._writeGeneric (node:net:954:11)\n    at TLSSocket.Socket._write (node:net:966:8)\n    at doWrite (node:internal/streams/writable:596:12)\n    at clearBuffer (node:internal/streams/writable:781:7)\n    at onwrite (node:internal/streams/writable:651:7)\n    at WriteWrap.onWriteComplete [as oncomplete] (node:internal/stream_base_commons:107:10)","syscall":"write","timestamp":"2025-04-25 00:13:56:1356"}
{"error":"write ECONNRESET","level":"error","message":"Image worker error:","stack":"Error: write ECONNRESET\n    at WriteWrap.onWriteComplete [as oncomplete] (node:internal/stream_base_commons:95:16)\n    at handleWriteReq (node:internal/stream_base_commons:52:26)\n    at writeGeneric (node:internal/stream_base_commons:150:15)\n    at TLSSocket.Socket._writeGeneric (node:net:954:11)\n    at TLSSocket.Socket._write (node:net:966:8)\n    at doWrite (node:internal/streams/writable:596:12)\n    at clearBuffer (node:internal/streams/writable:781:7)\n    at onwrite (node:internal/streams/writable:651:7)\n    at WriteWrap.onWriteComplete [as oncomplete] (node:internal/stream_base_commons:107:10)","timestamp":"2025-04-25 00:13:56:1356"}
{"error":"write ECONNRESET","level":"error","message":"Recipe worker instance error:","stack":"Error: write ECONNRESET\n    at WriteWrap.onWriteComplete [as oncomplete] (node:internal/stream_base_commons:95:16)\n    at handleWriteReq (node:internal/stream_base_commons:52:26)\n    at writeGeneric (node:internal/stream_base_commons:150:15)\n    at TLSSocket.Socket._writeGeneric (node:net:954:11)\n    at TLSSocket.Socket._write (node:net:966:8)\n    at doWrite (node:internal/streams/writable:596:12)\n    at clearBuffer (node:internal/streams/writable:781:7)\n    at onwrite (node:internal/streams/writable:651:7)\n    at WriteWrap.onWriteComplete [as oncomplete] (node:internal/stream_base_commons:107:10)","timestamp":"2025-04-25 00:13:56:1356"}
{"code":"ECONNRESET","errno":-4077,"level":"error","message":"Redis connection error: write ECONNRESET","stack":"Error: write ECONNRESET\n    at WriteWrap.onWriteComplete [as oncomplete] (node:internal/stream_base_commons:95:16)\n    at handleWriteReq (node:internal/stream_base_commons:62:21)\n    at writeGeneric (node:internal/stream_base_commons:150:15)\n    at TLSSocket.Socket._writeGeneric (node:net:954:11)\n    at TLSSocket.Socket._write (node:net:966:8)\n    at writeOrBuffer (node:internal/streams/writable:570:12)\n    at _write (node:internal/streams/writable:499:10)\n    at TLSSocket.Writable.write (node:internal/streams/writable:508:10)\n    at EventEmitter.sendCommand (C:\\Users\\mukas\\Downloads\\delisio\\delisio\\node_modules\\ioredis\\built\\Redis.js:394:29)\n    at Script.execute (C:\\Users\\mukas\\Downloads\\delisio\\delisio\\node_modules\\ioredis\\built\\Script.js:59:26)","syscall":"write","timestamp":"2025-04-25 00:13:56:1356"}
{"error":"write ECONNRESET","level":"error","message":"Image worker error:","stack":"Error: write ECONNRESET\n    at WriteWrap.onWriteComplete [as oncomplete] (node:internal/stream_base_commons:95:16)\n    at handleWriteReq (node:internal/stream_base_commons:62:21)\n    at writeGeneric (node:internal/stream_base_commons:150:15)\n    at TLSSocket.Socket._writeGeneric (node:net:954:11)\n    at TLSSocket.Socket._write (node:net:966:8)\n    at writeOrBuffer (node:internal/streams/writable:570:12)\n    at _write (node:internal/streams/writable:499:10)\n    at TLSSocket.Writable.write (node:internal/streams/writable:508:10)\n    at EventEmitter.sendCommand (C:\\Users\\mukas\\Downloads\\delisio\\delisio\\node_modules\\ioredis\\built\\Redis.js:394:29)\n    at Script.execute (C:\\Users\\mukas\\Downloads\\delisio\\delisio\\node_modules\\ioredis\\built\\Script.js:59:26)","timestamp":"2025-04-25 00:13:57:1357"}
{"level":"info","message":"Redis client connected successfully to Upstash Redis","timestamp":"2025-04-25 00:13:57:1357"}
{"error":"read ECONNRESET","level":"error","message":"Recipe worker instance error:","stack":"Error: read ECONNRESET\n    at TLSWrap.onStreamRead (node:internal/stream_base_commons:218:20)\n    at TLSWrap.callbackTrampoline (node:internal/async_hooks:130:17)","timestamp":"2025-04-25 00:13:57:1357"}
{"error":"read ECONNRESET","level":"error","message":"[Worker] Chat worker instance encountered an error:","stack":"Error: read ECONNRESET\n    at TLSWrap.onStreamRead (node:internal/stream_base_commons:218:20)\n    at TLSWrap.callbackTrampoline (node:internal/async_hooks:130:17)","timestamp":"2025-04-25 00:13:57:1357"}
{"error":"read ECONNRESET","level":"error","message":"Image worker error:","stack":"Error: read ECONNRESET\n    at TLSWrap.onStreamRead (node:internal/stream_base_commons:218:20)\n    at TLSWrap.callbackTrampoline (node:internal/async_hooks:130:17)","timestamp":"2025-04-25 00:13:57:1357"}
{"level":"info","message":"Redis client connected successfully to Upstash Redis","timestamp":"2025-04-25 00:13:57:1357"}
{"level":"info","message":"Redis client connected successfully to Upstash Redis","timestamp":"2025-04-25 00:13:57:1357"}
{"error":"read ECONNRESET","level":"error","message":"[Worker] Chat worker instance encountered an error:","stack":"Error: read ECONNRESET\n    at TLSWrap.onStreamRead (node:internal/stream_base_commons:218:20)","timestamp":"2025-04-25 00:13:57:1357"}
{"error":"read ECONNRESET","level":"error","message":"Recipe worker instance error:","stack":"Error: read ECONNRESET\n    at TLSWrap.onStreamRead (node:internal/stream_base_commons:218:20)","timestamp":"2025-04-25 00:13:58:1358"}
{"level":"info","message":"Image queue worker process connected to Redis.","timestamp":"2025-04-25 00:13:58:1358"}
{"error":"read ECONNRESET","level":"error","message":"Image worker error:","stack":"Error: read ECONNRESET\n    at TLSWrap.onStreamRead (node:internal/stream_base_commons:218:20)","timestamp":"2025-04-25 00:13:58:1358"}
{"level":"info","message":"[Worker] Chat queue worker process connected to Redis.","timestamp":"2025-04-25 00:13:58:1358"}
{"level":"info","message":"Recipe queue worker process connected to Redis.","timestamp":"2025-04-25 00:13:58:1358"}
{"error":"read ECONNRESET","level":"error","message":"Image worker error:","stack":"Error: read ECONNRESET\n    at TLSWrap.onStreamRead (node:internal/stream_base_commons:218:20)","timestamp":"2025-04-25 00:13:58:1358"}
{"level":"info","message":"[Worker] Chat queue worker process connected to Redis.","timestamp":"2025-04-25 00:13:58:1358"}
{"level":"info","message":"Recipe queue worker process connected to Redis.","timestamp":"2025-04-25 00:13:58:1358"}
{"level":"info","message":"Image queue worker process connected to Redis.","timestamp":"2025-04-25 00:13:58:1358"}
{"level":"info","message":"Image queue worker process connected to Redis.","timestamp":"2025-04-25 00:13:59:1359"}
{"level":"info","message":"Recipe queue worker process connected to Redis.","timestamp":"2025-04-25 00:14:03:143"}
{"level":"info","message":"[Worker] Chat queue worker process connected to Redis.","timestamp":"2025-04-25 00:14:03:143"}
{"level":"info","message":"[Worker] Shutting down chat worker process...","timestamp":"2025-04-25 00:15:26:1526"}
{"level":"info","message":"[Worker] Shutting down recipe worker process...","timestamp":"2025-04-25 00:15:26:1526"}
{"level":"info","message":"[Worker] Shutting down image worker process...","timestamp":"2025-04-25 00:15:26:1526"}
{"level":"warn","message":"[Worker] Chat worker is closing connection to Redis.","timestamp":"2025-04-25 00:15:26:1526"}
{"level":"warn","message":"[Worker] Chat worker has closed connection to Redis.","timestamp":"2025-04-25 00:15:26:1526"}
{"level":"warn","message":"Image worker is closing connection to Redis.","timestamp":"2025-04-25 00:15:26:1526"}
{"level":"warn","message":"Image worker has closed connection to Redis.","timestamp":"2025-04-25 00:15:26:1526"}
{"level":"info","message":"[Worker] Recipe worker and imageQueueEvents connection closed.","timestamp":"2025-04-25 00:15:26:1526"}
{"level":"info","message":"Chat worker process started...","timestamp":"2025-04-25 15:38:05:385"}
{"level":"info","message":"Redis client connected successfully to Upstash Redis","timestamp":"2025-04-25 15:38:06:386"}
{"level":"info","message":"Supabase client initialized successfully.","timestamp":"2025-04-25 15:38:06:386"}
{"level":"info","message":"Image worker process started...","timestamp":"2025-04-25 15:38:06:386"}
{"level":"info","message":"Supabase client initialized successfully.","timestamp":"2025-04-25 15:38:06:386"}
{"level":"info","message":"Recipe worker process started...","timestamp":"2025-04-25 15:38:06:386"}
{"level":"info","message":"[Worker] Chat queue worker process connected to Redis.","timestamp":"2025-04-25 15:38:07:387"}
{"level":"info","message":"Redis client connected successfully to Upstash Redis","timestamp":"2025-04-25 15:38:07:387"}
{"level":"info","message":"Redis client connected successfully to Upstash Redis","timestamp":"2025-04-25 15:38:07:387"}
{"level":"info","message":"Image queue worker process connected to Redis.","timestamp":"2025-04-25 15:38:07:387"}
{"level":"info","message":"Recipe queue worker process connected to Redis.","timestamp":"2025-04-25 15:38:07:387"}
{"level":"info","message":"Image queue worker process connected to Redis.","timestamp":"2025-04-25 15:38:07:387"}
{"level":"info","message":"[Worker] Chat queue is drained - all jobs processed.","timestamp":"2025-04-25 15:38:07:387"}
{"level":"info","message":"Image queue is drained - all jobs processed.","timestamp":"2025-04-25 15:38:08:388"}
{"level":"info","message":"Image queue is drained - all jobs processed.","timestamp":"2025-04-25 15:38:08:388"}
{"level":"info","message":"Supabase client initialized successfully.","timestamp":"2025-04-25 15:38:07:387"}
{"level":"info","message":"Redis client connected successfully to Upstash Redis","timestamp":"2025-04-25 15:38:10:3810"}
{"level":"info","message":"[Worker] Shutting down recipe worker process...","timestamp":"2025-04-25 15:38:36:3836"}
{"level":"info","message":"[Worker] Shutting down image worker process...","timestamp":"2025-04-25 15:38:36:3836"}
{"level":"info","message":"[Worker] Shutting down chat worker process...","timestamp":"2025-04-25 15:38:36:3836"}
{"level":"warn","message":"Image worker is closing connection to Redis.","timestamp":"2025-04-25 15:38:36:3836"}
{"level":"warn","message":"[Worker] Chat worker is closing connection to Redis.","timestamp":"2025-04-25 15:38:36:3836"}
{"level":"warn","message":"Image worker has closed connection to Redis.","timestamp":"2025-04-25 15:38:36:3836"}
{"level":"warn","message":"[Worker] Chat worker has closed connection to Redis.","timestamp":"2025-04-25 15:38:36:3836"}
{"level":"info","message":"[Worker] Recipe worker and imageQueueEvents connection closed.","timestamp":"2025-04-25 15:38:36:3836"}
{"level":"info","message":"Chat worker process started...","timestamp":"2025-04-25 16:40:12:4012"}
{"level":"info","message":"Supabase client initialized successfully.","timestamp":"2025-04-25 16:40:12:4012"}
{"level":"info","message":"Image worker process started...","timestamp":"2025-04-25 16:40:13:4013"}
{"level":"info","message":"Redis client connected successfully to Upstash Redis","timestamp":"2025-04-25 16:40:13:4013"}
{"level":"info","message":"Supabase client initialized successfully.","timestamp":"2025-04-25 16:40:12:4012"}
{"level":"info","message":"Recipe worker process started...","timestamp":"2025-04-25 16:40:13:4013"}
{"level":"info","message":"Redis client connected successfully to Upstash Redis","timestamp":"2025-04-25 16:40:13:4013"}
{"level":"info","message":"Redis client connected successfully to Upstash Redis","timestamp":"2025-04-25 16:40:13:4013"}
{"level":"info","message":"[Worker] Chat queue worker process connected to Redis.","timestamp":"2025-04-25 16:40:13:4013"}
{"level":"info","message":"Image queue worker process connected to Redis.","timestamp":"2025-04-25 16:40:13:4013"}
{"level":"info","message":"Recipe queue worker process connected to Redis.","timestamp":"2025-04-25 16:40:14:4014"}
{"level":"info","message":"Image queue worker process connected to Redis.","timestamp":"2025-04-25 16:40:14:4014"}
{"level":"info","message":"[Worker] Chat queue is drained - all jobs processed.","timestamp":"2025-04-25 16:40:14:4014"}
{"level":"info","message":"Image queue is drained - all jobs processed.","timestamp":"2025-04-25 16:40:14:4014"}
{"level":"info","message":"Image queue is drained - all jobs processed.","timestamp":"2025-04-25 16:40:14:4014"}
{"level":"info","message":"Supabase client initialized successfully.","timestamp":"2025-04-25 16:40:13:4013"}
{"level":"info","message":"Redis client connected successfully to Upstash Redis","timestamp":"2025-04-25 16:40:17:4017"}
{"level":"info","message":"Recipe queue worker process connected to Redis.","timestamp":"2025-04-25 16:40:17:4017"}
{"level":"info","message":"Image queue worker process connected to Redis.","timestamp":"2025-04-25 16:40:17:4017"}
{"level":"info","message":"[Worker] Chat queue worker process connected to Redis.","timestamp":"2025-04-25 16:40:17:4017"}
{"level":"info","message":"[Worker] Shutting down image worker process...","timestamp":"2025-04-25 16:40:22:4022"}
{"level":"info","message":"[Worker] Shutting down recipe worker process...","timestamp":"2025-04-25 16:40:22:4022"}
{"level":"info","message":"[Worker] Shutting down chat worker process...","timestamp":"2025-04-25 16:40:22:4022"}
{"level":"warn","message":"Image worker is closing connection to Redis.","timestamp":"2025-04-25 16:40:22:4022"}
{"level":"warn","message":"[Worker] Chat worker is closing connection to Redis.","timestamp":"2025-04-25 16:40:22:4022"}
{"level":"warn","message":"Image worker has closed connection to Redis.","timestamp":"2025-04-25 16:40:22:4022"}
{"level":"warn","message":"[Worker] Chat worker has closed connection to Redis.","timestamp":"2025-04-25 16:40:22:4022"}
{"level":"info","message":"[Worker] Recipe worker and imageQueueEvents connection closed.","timestamp":"2025-04-25 16:40:22:4022"}
{"level":"info","message":"Chat worker process started...","timestamp":"2025-04-25 16:42:56:4256"}
{"level":"info","message":"Redis client connected successfully to Upstash Redis","timestamp":"2025-04-25 16:42:57:4257"}
{"level":"info","message":"Supabase client initialized successfully.","timestamp":"2025-04-25 16:42:57:4257"}
{"level":"info","message":"Image worker process started...","timestamp":"2025-04-25 16:42:57:4257"}
{"level":"info","message":"[Worker] Chat queue worker process connected to Redis.","timestamp":"2025-04-25 16:42:57:4257"}
{"level":"info","message":"Supabase client initialized successfully.","timestamp":"2025-04-25 16:42:57:4257"}
{"level":"info","message":"Recipe worker process started...","timestamp":"2025-04-25 16:42:58:4258"}
{"level":"info","message":"Redis client connected successfully to Upstash Redis","timestamp":"2025-04-25 16:42:58:4258"}
{"level":"info","message":"Redis client connected successfully to Upstash Redis","timestamp":"2025-04-25 16:42:58:4258"}
{"level":"info","message":"[Worker] Chat queue is drained - all jobs processed.","timestamp":"2025-04-25 16:42:58:4258"}
{"level":"info","message":"Image queue worker process connected to Redis.","timestamp":"2025-04-25 16:42:58:4258"}
{"level":"info","message":"Image queue worker process connected to Redis.","timestamp":"2025-04-25 16:42:58:4258"}
{"level":"info","message":"Recipe queue worker process connected to Redis.","timestamp":"2025-04-25 16:42:58:4258"}
{"level":"info","message":"Image queue is drained - all jobs processed.","timestamp":"2025-04-25 16:42:59:4259"}
{"level":"info","message":"Image queue is drained - all jobs processed.","timestamp":"2025-04-25 16:43:00:430"}
{"level":"info","message":"Supabase client initialized successfully.","timestamp":"2025-04-25 16:42:58:4258"}
{"level":"info","message":"Redis client connected successfully to Upstash Redis","timestamp":"2025-04-25 16:43:01:431"}
{"level":"info","message":"[Worker] Shutting down recipe worker process...","timestamp":"2025-04-25 16:43:57:4357"}
{"level":"info","message":"[Worker] Shutting down image worker process...","timestamp":"2025-04-25 16:43:57:4357"}
{"level":"info","message":"[Worker] Shutting down chat worker process...","timestamp":"2025-04-25 16:43:57:4357"}
{"level":"warn","message":"Image worker is closing connection to Redis.","timestamp":"2025-04-25 16:43:57:4357"}
{"level":"warn","message":"[Worker] Chat worker is closing connection to Redis.","timestamp":"2025-04-25 16:43:57:4357"}
{"level":"info","message":"[Worker] Shutting down chat worker process...","timestamp":"2025-04-25 16:43:57:4357"}
{"level":"info","message":"[Worker] Shutting down recipe worker process...","timestamp":"2025-04-25 16:43:57:4357"}
{"level":"info","message":"[Worker] Shutting down image worker process...","timestamp":"2025-04-25 16:43:57:4357"}
{"level":"info","message":"[Worker] Shutting down image worker process...","timestamp":"2025-04-25 16:43:57:4357"}
{"level":"info","message":"[Worker] Shutting down chat worker process...","timestamp":"2025-04-25 16:43:57:4357"}
{"level":"info","message":"[Worker] Shutting down recipe worker process...","timestamp":"2025-04-25 16:43:57:4357"}
{"level":"warn","message":"[Worker] Chat worker has closed connection to Redis.","timestamp":"2025-04-25 16:43:57:4357"}
{"level":"warn","message":"Image worker has closed connection to Redis.","timestamp":"2025-04-25 16:43:57:4357"}
{"level":"info","message":"[Worker] Recipe worker and imageQueueEvents connection closed.","timestamp":"2025-04-25 16:43:57:4357"}
{"level":"info","message":"Chat worker process started...","timestamp":"2025-04-25 16:49:42:4942"}
{"level":"info","message":"Redis client connected successfully to Upstash Redis","timestamp":"2025-04-25 16:49:43:4943"}
{"level":"info","message":"[Worker] Chat queue worker process connected to Redis.","timestamp":"2025-04-25 16:49:43:4943"}
{"level":"info","message":"Supabase client initialized successfully.","timestamp":"2025-04-25 16:49:43:4943"}
{"level":"info","message":"Image worker process started...","timestamp":"2025-04-25 16:49:43:4943"}
{"level":"info","message":"Supabase client initialized successfully.","timestamp":"2025-04-25 16:49:43:4943"}
{"level":"info","message":"Recipe worker process started...","timestamp":"2025-04-25 16:49:43:4943"}
{"level":"info","message":"Redis client connected successfully to Upstash Redis","timestamp":"2025-04-25 16:49:44:4944"}
{"level":"info","message":"Redis client connected successfully to Upstash Redis","timestamp":"2025-04-25 16:49:44:4944"}
{"level":"info","message":"[Worker] Chat queue is drained - all jobs processed.","timestamp":"2025-04-25 16:49:44:4944"}
{"level":"info","message":"Image queue worker process connected to Redis.","timestamp":"2025-04-25 16:49:44:4944"}
{"level":"info","message":"Recipe queue worker process connected to Redis.","timestamp":"2025-04-25 16:49:44:4944"}
{"level":"info","message":"Image queue worker process connected to Redis.","timestamp":"2025-04-25 16:49:44:4944"}
{"level":"info","message":"Image queue is drained - all jobs processed.","timestamp":"2025-04-25 16:49:45:4945"}
{"level":"info","message":"Image queue is drained - all jobs processed.","timestamp":"2025-04-25 16:49:45:4945"}
{"level":"info","message":"Supabase client initialized successfully.","timestamp":"2025-04-25 16:49:44:4944"}
{"level":"info","message":"Redis client connected successfully to Upstash Redis","timestamp":"2025-04-25 16:49:47:4947"}
{"level":"info","message":"[Worker] Shutting down image worker process...","timestamp":"2025-04-25 16:51:01:511"}
{"level":"info","message":"[Worker] Shutting down chat worker process...","timestamp":"2025-04-25 16:51:01:511"}
{"level":"info","message":"[Worker] Shutting down recipe worker process...","timestamp":"2025-04-25 16:51:01:511"}
{"level":"warn","message":"Image worker is closing connection to Redis.","timestamp":"2025-04-25 16:51:01:511"}
{"level":"warn","message":"[Worker] Chat worker is closing connection to Redis.","timestamp":"2025-04-25 16:51:01:511"}
{"level":"info","message":"[Worker] Shutting down image worker process...","timestamp":"2025-04-25 16:51:01:511"}
{"level":"info","message":"[Worker] Shutting down recipe worker process...","timestamp":"2025-04-25 16:51:01:511"}
{"level":"info","message":"[Worker] Shutting down chat worker process...","timestamp":"2025-04-25 16:51:01:511"}
{"level":"warn","message":"Image worker has closed connection to Redis.","timestamp":"2025-04-25 16:51:02:512"}
{"level":"info","message":"[Worker] Recipe worker and imageQueueEvents connection closed.","timestamp":"2025-04-25 16:51:02:512"}
{"level":"warn","message":"[Worker] Chat worker has closed connection to Redis.","timestamp":"2025-04-25 16:51:02:512"}
{"level":"info","message":"Supabase client initialized successfully.","timestamp":"2025-04-25 16:51:19:5119"}
{"level":"info","message":"Redis client connected successfully to Upstash Redis","timestamp":"2025-04-25 16:51:22:5122"}
{"level":"info","message":"Supabase client initialized successfully.","timestamp":"2025-04-25 17:58:33:5833"}
{"level":"info","message":"Redis client connected successfully to Upstash Redis","timestamp":"2025-04-25 17:58:36:5836"}
{"level":"info","message":"Image queue worker process connected to Redis.","timestamp":"2025-04-25 17:58:37:5837"}
{"level":"info","message":"Recipe queue worker process connected to Redis.","timestamp":"2025-04-25 17:58:37:5837"}
{"level":"info","message":"[Worker] Chat queue worker process connected to Redis.","timestamp":"2025-04-25 17:58:37:5837"}
{"level":"info","message":"Image queue is drained - all jobs processed.","timestamp":"2025-04-25 17:58:38:5838"}
{"level":"info","message":"[Worker] Chat queue is drained - all jobs processed.","timestamp":"2025-04-25 17:58:38:5838"}
{"level":"info","message":"Supabase client initialized successfully.","timestamp":"2025-04-25 17:59:21:5921"}
{"level":"info","message":"Redis client connected successfully to Upstash Redis","timestamp":"2025-04-25 17:59:24:5924"}
{"level":"info","message":"Recipe queue worker process connected to Redis.","timestamp":"2025-04-25 17:59:25:5925"}
{"level":"info","message":"[Worker] Chat queue worker process connected to Redis.","timestamp":"2025-04-25 17:59:25:5925"}
{"level":"info","message":"Image queue worker process connected to Redis.","timestamp":"2025-04-25 17:59:25:5925"}
{"level":"info","message":"[Worker] Chat queue is drained - all jobs processed.","timestamp":"2025-04-25 17:59:26:5926"}
{"level":"info","message":"Image queue is drained - all jobs processed.","timestamp":"2025-04-25 17:59:26:5926"}
{"level":"info","message":"Chat worker process started...","timestamp":"2025-04-25 18:01:35:135"}
{"level":"info","message":"Redis client connected successfully to Upstash Redis","timestamp":"2025-04-25 18:01:36:136"}
{"level":"info","message":"[Worker] Chat queue worker process connected to Redis.","timestamp":"2025-04-25 18:01:36:136"}
{"level":"info","message":"Supabase client initialized successfully.","timestamp":"2025-04-25 18:01:36:136"}
{"level":"info","message":"Image worker process started...","timestamp":"2025-04-25 18:01:37:137"}
{"level":"info","message":"Supabase client initialized successfully.","timestamp":"2025-04-25 18:01:36:136"}
{"level":"info","message":"Recipe worker process started...","timestamp":"2025-04-25 18:01:37:137"}
{"level":"info","message":"Redis client connected successfully to Upstash Redis","timestamp":"2025-04-25 18:01:37:137"}
{"level":"info","message":"Redis client connected successfully to Upstash Redis","timestamp":"2025-04-25 18:01:37:137"}
{"level":"info","message":"[Worker] Chat queue is drained - all jobs processed.","timestamp":"2025-04-25 18:01:37:137"}
{"level":"info","message":"Image queue worker process connected to Redis.","timestamp":"2025-04-25 18:01:38:138"}
{"level":"info","message":"Image queue worker process connected to Redis.","timestamp":"2025-04-25 18:01:38:138"}
{"level":"info","message":"Recipe queue worker process connected to Redis.","timestamp":"2025-04-25 18:01:38:138"}
{"level":"info","message":"Image queue is drained - all jobs processed.","timestamp":"2025-04-25 18:01:38:138"}
{"level":"info","message":"Image queue is drained - all jobs processed.","timestamp":"2025-04-25 18:01:39:139"}
{"level":"info","message":"Supabase client initialized successfully.","timestamp":"2025-04-25 18:01:37:137"}
{"level":"info","message":"Redis client connected successfully to Upstash Redis","timestamp":"2025-04-25 18:01:40:140"}
{"level":"info","message":"Recipe queue worker process connected to Redis.","timestamp":"2025-04-25 18:01:41:141"}
{"level":"info","message":"Image queue worker process connected to Redis.","timestamp":"2025-04-25 18:01:41:141"}
{"level":"info","message":"[Worker] Chat queue worker process connected to Redis.","timestamp":"2025-04-25 18:01:41:141"}
{"level":"info","message":"Image queue is drained - all jobs processed.","timestamp":"2025-04-25 18:01:42:142"}
{"level":"info","message":"[Worker] Chat queue is drained - all jobs processed.","timestamp":"2025-04-25 18:01:42:142"}
{"level":"info","message":"[Worker] Shutting down image worker process...","timestamp":"2025-04-25 18:13:14:1314"}
{"level":"info","message":"[Worker] Shutting down recipe worker process...","timestamp":"2025-04-25 18:13:14:1314"}
{"level":"warn","message":"Image worker is closing connection to Redis.","timestamp":"2025-04-25 18:13:14:1314"}
{"level":"info","message":"[Worker] Shutting down chat worker process...","timestamp":"2025-04-25 18:13:14:1314"}
{"level":"warn","message":"[Worker] Chat worker is closing connection to Redis.","timestamp":"2025-04-25 18:13:14:1314"}
{"level":"info","message":"[Worker] Shutting down recipe worker process...","timestamp":"2025-04-25 18:13:14:1314"}
{"level":"info","message":"[Worker] Shutting down chat worker process...","timestamp":"2025-04-25 18:13:14:1314"}
{"level":"info","message":"[Worker] Shutting down image worker process...","timestamp":"2025-04-25 18:13:14:1314"}
{"level":"warn","message":"Image worker has closed connection to Redis.","timestamp":"2025-04-25 18:13:15:1315"}
{"level":"info","message":"[Worker] Recipe worker and imageQueueEvents connection closed.","timestamp":"2025-04-25 18:13:15:1315"}
{"level":"warn","message":"[Worker] Chat worker has closed connection to Redis.","timestamp":"2025-04-25 18:13:15:1315"}
